1588212014.298542 client started (5694): version 2.9a, socket /tmp//tmux-501/default, protocol 8
1588212014.298590 on Darwin 16.7.0 Darwin Kernel Version 16.7.0: Wed Feb 27 00:29:57 PST 2019; root:xnu-3789.73.43~1/RELEASE_X86_64; libevent 2.1.11-stable (select)
1588212014.298633 socket is /tmp//tmux-501/default
1588212014.298654 trying connect
1588212014.298692 connect failed: No such file or directory
1588212014.298816 lock file is /tmp//tmux-501/default.lock
1588212014.298892 flock succeeded
1588212014.298900 got lock (7)
1588212014.298910 trying connect
1588212014.298926 connect failed: No such file or directory
1588212014.299774 add peer 0x7fe8c9001800: 8 (0x0)
1588212014.301578 sending message 100 to peer 0x7fe8c9001800 (4 bytes)
1588212014.301604 sending message 101 to peer 0x7fe8c9001800 (15 bytes)
1588212014.301613 sending message 102 to peer 0x7fe8c9001800 (13 bytes)
1588212014.301619 sending message 108 to peer 0x7fe8c9001800 (64 bytes)
1588212014.301635 sending message 104 to peer 0x7fe8c9001800 (0 bytes)
1588212014.301642 sending message 107 to peer 0x7fe8c9001800 (4 bytes)
1588212014.301649 sending message 105 to peer 0x7fe8c9001800 (60 bytes)
1588212014.301656 sending message 105 to peer 0x7fe8c9001800 (66 bytes)
1588212014.301662 sending message 105 to peer 0x7fe8c9001800 (76 bytes)
1588212014.301669 sending message 105 to peer 0x7fe8c9001800 (15 bytes)
1588212014.301675 sending message 105 to peer 0x7fe8c9001800 (22 bytes)
1588212014.301682 sending message 105 to peer 0x7fe8c9001800 (14 bytes)
1588212014.301688 sending message 105 to peer 0x7fe8c9001800 (68 bytes)
1588212014.301695 sending message 105 to peer 0x7fe8c9001800 (15 bytes)
1588212014.301701 sending message 105 to peer 0x7fe8c9001800 (15 bytes)
1588212014.301708 sending message 105 to peer 0x7fe8c9001800 (27 bytes)
1588212014.301714 sending message 105 to peer 0x7fe8c9001800 (23 bytes)
1588212014.301721 sending message 105 to peer 0x7fe8c9001800 (414 bytes)
1588212014.301730 sending message 105 to peer 0x7fe8c9001800 (75 bytes)
1588212014.301739 sending message 105 to peer 0x7fe8c9001800 (20 bytes)
1588212014.301748 sending message 105 to peer 0x7fe8c9001800 (20 bytes)
1588212014.301755 sending message 105 to peer 0x7fe8c9001800 (21 bytes)
1588212014.301761 sending message 105 to peer 0x7fe8c9001800 (57 bytes)
1588212014.301768 sending message 105 to peer 0x7fe8c9001800 (16 bytes)
1588212014.301774 sending message 105 to peer 0x7fe8c9001800 (19 bytes)
1588212014.301781 sending message 105 to peer 0x7fe8c9001800 (19 bytes)
1588212014.301787 sending message 105 to peer 0x7fe8c9001800 (38 bytes)
1588212014.301793 sending message 105 to peer 0x7fe8c9001800 (61 bytes)
1588212014.301800 sending message 105 to peer 0x7fe8c9001800 (8 bytes)
1588212014.301806 sending message 105 to peer 0x7fe8c9001800 (52 bytes)
1588212014.301813 sending message 105 to peer 0x7fe8c9001800 (33 bytes)
1588212014.301819 sending message 105 to peer 0x7fe8c9001800 (17 bytes)
1588212014.301826 sending message 105 to peer 0x7fe8c9001800 (19 bytes)
1588212014.301832 sending message 105 to peer 0x7fe8c9001800 (11 bytes)
1588212014.301839 sending message 105 to peer 0x7fe8c9001800 (8 bytes)
1588212014.301845 sending message 105 to peer 0x7fe8c9001800 (32 bytes)
1588212014.301852 sending message 105 to peer 0x7fe8c9001800 (27 bytes)
1588212014.301858 sending message 105 to peer 0x7fe8c9001800 (30 bytes)
1588212014.301865 sending message 105 to peer 0x7fe8c9001800 (38 bytes)
1588212014.301871 sending message 105 to peer 0x7fe8c9001800 (28 bytes)
1588212014.301877 sending message 105 to peer 0x7fe8c9001800 (46 bytes)
1588212014.301884 sending message 105 to peer 0x7fe8c9001800 (90 bytes)
1588212014.301890 sending message 105 to peer 0x7fe8c9001800 (52 bytes)
1588212014.301897 sending message 105 to peer 0x7fe8c9001800 (52 bytes)
1588212014.301903 sending message 105 to peer 0x7fe8c9001800 (24 bytes)
1588212014.301909 sending message 105 to peer 0x7fe8c9001800 (20 bytes)
1588212014.301916 sending message 105 to peer 0x7fe8c9001800 (14 bytes)
1588212014.301922 sending message 105 to peer 0x7fe8c9001800 (15 bytes)
1588212014.301949 sending message 105 to peer 0x7fe8c9001800 (27 bytes)
1588212014.301956 sending message 105 to peer 0x7fe8c9001800 (18 bytes)
1588212014.301963 sending message 105 to peer 0x7fe8c9001800 (14 bytes)
1588212014.301969 sending message 105 to peer 0x7fe8c9001800 (18 bytes)
1588212014.301976 sending message 105 to peer 0x7fe8c9001800 (20 bytes)
1588212014.301982 sending message 105 to peer 0x7fe8c9001800 (23 bytes)
1588212014.301988 sending message 105 to peer 0x7fe8c9001800 (11 bytes)
1588212014.301995 sending message 105 to peer 0x7fe8c9001800 (16 bytes)
1588212014.302001 sending message 105 to peer 0x7fe8c9001800 (15 bytes)
1588212014.302007 sending message 105 to peer 0x7fe8c9001800 (15 bytes)
1588212014.302014 sending message 105 to peer 0x7fe8c9001800 (15 bytes)
1588212014.302020 sending message 105 to peer 0x7fe8c9001800 (23 bytes)
1588212014.302031 sending message 105 to peer 0x7fe8c9001800 (15 bytes)
1588212014.302038 sending message 105 to peer 0x7fe8c9001800 (17 bytes)
1588212014.302045 sending message 105 to peer 0x7fe8c9001800 (9 bytes)
1588212014.302052 sending message 105 to peer 0x7fe8c9001800 (17 bytes)
1588212014.302058 sending message 105 to peer 0x7fe8c9001800 (14 bytes)
1588212014.302065 sending message 105 to peer 0x7fe8c9001800 (10 bytes)
1588212014.302071 sending message 105 to peer 0x7fe8c9001800 (22 bytes)
1588212014.302086 sending message 106 to peer 0x7fe8c9001800 (0 bytes)
1588212014.302097 sending message 200 to peer 0x7fe8c9001800 (4 bytes)
1588212014.302103 client loop enter
1588212014.335026 peer 0x7fe8c9001800 message 207
1588212014.335043 sending message 208 to peer 0x7fe8c9001800 (0 bytes)
1588212021.522579 peer 0x7fe8c9001800 message 203
1588212021.522604 sending message 205 to peer 0x7fe8c9001800 (0 bytes)
1588212021.522960 peer 0x7fe8c9001800 message 204
1588212021.522981 client loop exit
